info it worked if it ends with ok
verbose cli [ 'node', '/usr/local/bin/npm', 'install', '-g', 'forever' ]
info using npm@1.1.0-2
info using node@v0.7.0-pre
verbose config file /root/.npmrc
verbose config file /usr/local/etc/npmrc
verbose config file /usr/local/lib/node_modules/npm/npmrc
silly exec /usr/local/bin/node "/usr/local/lib/node_modules/npm/bin/npm-get-uid-gid.js" "nobody" 927166
silly spawning [ '/usr/local/bin/node',
silly spawning   [ '/usr/local/lib/node_modules/npm/bin/npm-get-uid-gid.js',
silly spawning     'nobody',
silly spawning     927166 ],
silly spawning   null ]
silly output from getuid/gid {"uid":65534,"gid":927166}
silly output from getuid/gid 
verbose cache add [ 'forever', null ]
silly cache add: name, spec, args [ undefined, 'forever', [ 'forever', null ] ]
verbose parsed url { pathname: 'forever', path: 'forever', href: 'forever' }
verbose addNamed [ 'forever', '' ]
verbose addNamed [ null, '' ]
silly name, range, hasData [ 'forever', '', false ]
verbose raw, before any munging forever
verbose url resolving [ 'https://registry.npmjs.org/', './forever' ]
verbose url resolved https://registry.npmjs.org/forever
verbose etag "DO4Z9QJJCY6K8ZS0C0LU3NZB0"
http GET https://registry.npmjs.org/forever
http 304 https://registry.npmjs.org/forever
silly get cb [ 304,
silly get cb   { server: 'CouchDB/1.1.0 (Erlang OTP/R14B04)',
silly get cb     etag: '"DO4Z9QJJCY6K8ZS0C0LU3NZB0"',
silly get cb     date: 'Tue, 17 Jan 2012 02:57:00 GMT',
silly get cb     'content-length': '0' } ]
verbose etag forever from cache
silly name, range, hasData 2 [ 'forever', '', true ]
silly versions [ 'forever',
silly versions   [ '0.6.0',
silly versions     '0.6.1',
silly versions     '0.6.2',
silly versions     '0.6.3',
silly versions     '0.6.4',
silly versions     '0.6.5',
silly versions     '0.6.6',
silly versions     '0.6.7',
silly versions     '0.6.8',
silly versions     '0.6.9',
silly versions     '0.7.0',
silly versions     '0.7.1',
silly versions     '0.7.2',
silly versions     '0.7.3',
silly versions     '0.7.4',
silly versions     '0.7.5',
silly versions     '0.8.0',
silly versions     '0.8.1',
silly versions     '0.8.2',
silly versions     '0.8.3',
silly versions     '0.8.4' ] ]
verbose bin dist [ null,
verbose bin dist   { shasum: '3273cfc160fcef6d183508a09dd2e70184e15aba',
verbose bin dist     tarball: 'http://registry.npmjs.org/forever/-/forever-0.8.4.tgz' } ]
verbose caching /root/.npm/forever/0.8.4/package/package.json
verbose loadDefaults forever@0.8.4
silly resolved [ { name: 'forever',
silly resolved     preferGlobal: 'true',
silly resolved     description: 'A simple CLI tool for ensuring that a given node script runs continuously (i.e. forever)',
silly resolved     version: '0.8.4',
silly resolved     author: { name: 'Nodejitsu Inc', email: 'info@nodejitsu.com' },
silly resolved     contributors: 
silly resolved      [ { name: 'Charlie Robbins', email: 'charlie@nodejitsu.com' },
silly resolved        { name: 'Fedor Indutny', email: 'fedor.indutny@gmail.com' },
silly resolved        { name: 'James Halliday', email: 'mail@substack.net' },
silly resolved        { name: 'Bradley Meck', email: 'bradley@nodejitsu.com' },
silly resolved        { name: 'Dominic Tarr', email: 'dominic@nodejitsu.com' },
silly resolved        { name: 'Maciej Małecki', email: 'maciej@nodejitsu.com' } ],
silly resolved     repository: { type: 'git', url: 'git://github.com/nodejitsu/forever.git' },
silly resolved     keywords: [ 'cli', 'fault tolerant', 'sysadmin', 'tools' ],
silly resolved     dependencies: 
silly resolved      { broadway: '0.1.x',
silly resolved        cliff: '0.x.x',
silly resolved        daemon: '0.4.x',
silly resolved        flatiron: '0.1.x',
silly resolved        microtime: '0.2.x',
silly resolved        minimatch: '0.0.x',
silly resolved        nconf: '0.5.x',
silly resolved        nssocket: '0.3.x',
silly resolved        'node-fork': '0.4.x',
silly resolved        optimist: '0.2.x',
silly resolved        pkginfo: '0.x.x',
silly resolved        portfinder: '0.x.x',
silly resolved        'ps-tree': '0.0.x',
silly resolved        timespan: '2.0.x',
silly resolved        watch: '0.5.x',
silly resolved        utile: '0.0.x',
silly resolved        winston: '0.5.x' },
silly resolved     devDependencies: { eventemitter2: '0.4.x', request: '2.x.x', vows: '0.5.x' },
silly resolved     bin: { forever: './bin/forever', foreverd: './bin/foreverd' },
silly resolved     main: './lib/forever',
silly resolved     scripts: { test: 'vows test/**/*-test.js --spec -i' },
silly resolved     engines: { node: '>= 0.4.8' },
silly resolved     _id: 'forever@0.8.4',
silly resolved     optionalDependencies: {},
silly resolved     _engineSupported: true,
silly resolved     _npmVersion: '1.1.0-2',
silly resolved     _nodeVersion: 'v0.7.0-pre',
silly resolved     _defaultsLoaded: true } ]
info into /usr/local/lib forever@0.8.4
info installOne forever@0.8.4
info unbuild /usr/local/lib/node_modules/forever
verbose from cache /root/.npm/forever/0.8.4/package/package.json
verbose mkdir (expected) error ENOENT, no such file or directory '/usr/local/lib/node_modules/___forever.npm'
verbose mkdir done: /usr/local/lib/node_modules/___forever.npm 755
verbose unpack_ uid, gid [ 65534, 927166 ]
verbose unpackTarget /usr/local/lib/node_modules/forever
silly gunzTarPerm modes [ '755', '644' ]
silly afterUntar undefined
silly asyncMap in gTP /usr/local/lib/node_modules/___forever.npm/package
silly asyncMap in gTP /usr/local/lib/node_modules/___forever.npm/package/LICENSE
silly asyncMap in gTP /usr/local/lib/node_modules/___forever.npm/package/README.md
silly asyncMap in gTP /usr/local/lib/node_modules/___forever.npm/package/package.json
silly asyncMap in gTP /usr/local/lib/node_modules/___forever.npm/package/.npmignore
silly asyncMap in gTP /usr/local/lib/node_modules/___forever.npm/package/CHANGELOG.md
silly asyncMap in gTP /usr/local/lib/node_modules/___forever.npm/package/bin
silly asyncMap in gTP /usr/local/lib/node_modules/___forever.npm/package/bin/forever
silly asyncMap in gTP /usr/local/lib/node_modules/___forever.npm/package/bin/foreverd
silly asyncMap in gTP /usr/local/lib/node_modules/___forever.npm/package/examples
silly asyncMap in gTP /usr/local/lib/node_modules/___forever.npm/package/examples/error-on-timer.js
silly asyncMap in gTP /usr/local/lib/node_modules/___forever.npm/package/examples/always-throw.js
silly asyncMap in gTP /usr/local/lib/node_modules/___forever.npm/package/examples/custom-cwd.js
silly asyncMap in gTP /usr/local/lib/node_modules/___forever.npm/package/examples/log-on-interval.js
silly asyncMap in gTP /usr/local/lib/node_modules/___forever.npm/package/examples/env-server.js
silly asyncMap in gTP /usr/local/lib/node_modules/___forever.npm/package/examples/spawn-and-error.js
silly asyncMap in gTP /usr/local/lib/node_modules/___forever.npm/package/examples/process-send.js
silly asyncMap in gTP /usr/local/lib/node_modules/___forever.npm/package/examples/all-env-vars.js
silly asyncMap in gTP /usr/local/lib/node_modules/___forever.npm/package/examples/server.js
silly asyncMap in gTP /usr/local/lib/node_modules/___forever.npm/package/examples/count-timer.js
silly asyncMap in gTP /usr/local/lib/node_modules/___forever.npm/package/examples/signal-ignore.js
silly asyncMap in gTP /usr/local/lib/node_modules/___forever.npm/package/examples/multiple-processes.js
silly asyncMap in gTP /usr/local/lib/node_modules/___forever.npm/package/examples/chroot.js
silly asyncMap in gTP /usr/local/lib/node_modules/___forever.npm/package/examples/list-multiple.js
silly asyncMap in gTP /usr/local/lib/node_modules/___forever.npm/package/examples/env-vars.js
silly asyncMap in gTP /usr/local/lib/node_modules/___forever.npm/package/examples/cli-multiple-start
silly asyncMap in gTP /usr/local/lib/node_modules/___forever.npm/package/examples/initd-example
silly asyncMap in gTP /usr/local/lib/node_modules/___forever.npm/package/docs
silly asyncMap in gTP /usr/local/lib/node_modules/___forever.npm/package/docs/forever.html
silly asyncMap in gTP /usr/local/lib/node_modules/___forever.npm/package/docs/docco.css
silly asyncMap in gTP /usr/local/lib/node_modules/___forever.npm/package/docs/forever
silly asyncMap in gTP /usr/local/lib/node_modules/___forever.npm/package/docs/forever/cli.html
silly asyncMap in gTP /usr/local/lib/node_modules/___forever.npm/package/docs/forever/monitor.html
silly asyncMap in gTP /usr/local/lib/node_modules/___forever.npm/package/test
silly asyncMap in gTP /usr/local/lib/node_modules/___forever.npm/package/test/cli-test
silly asyncMap in gTP /usr/local/lib/node_modules/___forever.npm/package/test/core
silly asyncMap in gTP /usr/local/lib/node_modules/___forever.npm/package/test/core/check-process-test.js
silly asyncMap in gTP /usr/local/lib/node_modules/___forever.npm/package/test/core/tail-stopall-test.js
silly asyncMap in gTP /usr/local/lib/node_modules/___forever.npm/package/test/plugins
silly asyncMap in gTP /usr/local/lib/node_modules/___forever.npm/package/test/plugins/logger-test.js
silly asyncMap in gTP /usr/local/lib/node_modules/___forever.npm/package/test/worker
silly asyncMap in gTP /usr/local/lib/node_modules/___forever.npm/package/test/worker/simple-test.js
silly asyncMap in gTP /usr/local/lib/node_modules/___forever.npm/package/test/worker/multiple-workers-test.js
silly asyncMap in gTP /usr/local/lib/node_modules/___forever.npm/package/test/service
silly asyncMap in gTP /usr/local/lib/node_modules/___forever.npm/package/test/service/simple-test.js
silly asyncMap in gTP /usr/local/lib/node_modules/___forever.npm/package/test/monitor
silly asyncMap in gTP /usr/local/lib/node_modules/___forever.npm/package/test/monitor/simple-test.js
silly asyncMap in gTP /usr/local/lib/node_modules/___forever.npm/package/test/monitor/spin-test.js
silly asyncMap in gTP /usr/local/lib/node_modules/___forever.npm/package/test/monitor/watch-test.js
silly asyncMap in gTP /usr/local/lib/node_modules/___forever.npm/package/test/monitor/env-spawn-test.js
silly asyncMap in gTP /usr/local/lib/node_modules/___forever.npm/package/test/monitor/fork-test.js
silly asyncMap in gTP /usr/local/lib/node_modules/___forever.npm/package/test/monitor/signal-test.js
silly asyncMap in gTP /usr/local/lib/node_modules/___forever.npm/package/test/fixtures
silly asyncMap in gTP /usr/local/lib/node_modules/___forever.npm/package/test/fixtures/start-daemon.js
silly asyncMap in gTP /usr/local/lib/node_modules/___forever.npm/package/test/fixtures/watch
silly asyncMap in gTP /usr/local/lib/node_modules/___forever.npm/package/test/fixtures/watch/daemon.js
silly asyncMap in gTP /usr/local/lib/node_modules/___forever.npm/package/test/fixtures/watch/removeMe
silly asyncMap in gTP /usr/local/lib/node_modules/___forever.npm/package/test/fixtures/watch/.foreverignore
silly asyncMap in gTP /usr/local/lib/node_modules/___forever.npm/package/test/fixtures/watch/file
silly asyncMap in gTP /usr/local/lib/node_modules/___forever.npm/package/test/helpers
silly asyncMap in gTP /usr/local/lib/node_modules/___forever.npm/package/test/helpers/macros.js
silly asyncMap in gTP /usr/local/lib/node_modules/___forever.npm/package/test/helpers/mocks
silly asyncMap in gTP /usr/local/lib/node_modules/___forever.npm/package/test/helpers/mocks/monitor.js
silly asyncMap in gTP /usr/local/lib/node_modules/___forever.npm/package/test/helpers/mocks/child-process.js
silly asyncMap in gTP /usr/local/lib/node_modules/___forever.npm/package/test/helpers/mocks/stream.js
silly asyncMap in gTP /usr/local/lib/node_modules/___forever.npm/package/lib
silly asyncMap in gTP /usr/local/lib/node_modules/___forever.npm/package/lib/forever.js
silly asyncMap in gTP /usr/local/lib/node_modules/___forever.npm/package/lib/forever
silly asyncMap in gTP /usr/local/lib/node_modules/___forever.npm/package/lib/forever/worker.js
silly asyncMap in gTP /usr/local/lib/node_modules/___forever.npm/package/lib/forever/cli.js
silly asyncMap in gTP /usr/local/lib/node_modules/___forever.npm/package/lib/forever/monitor.js
silly asyncMap in gTP /usr/local/lib/node_modules/___forever.npm/package/lib/forever/plugins
silly asyncMap in gTP /usr/local/lib/node_modules/___forever.npm/package/lib/forever/plugins/logger.js
silly asyncMap in gTP /usr/local/lib/node_modules/___forever.npm/package/lib/forever/plugins/watch.js
silly asyncMap in gTP /usr/local/lib/node_modules/___forever.npm/package/lib/forever/service
silly asyncMap in gTP /usr/local/lib/node_modules/___forever.npm/package/lib/forever/service/service.js
silly asyncMap in gTP /usr/local/lib/node_modules/___forever.npm/package/lib/forever/service/cli.js
silly asyncMap in gTP /usr/local/lib/node_modules/___forever.npm/package/lib/forever/service/index.js
silly asyncMap in gTP /usr/local/lib/node_modules/___forever.npm/package/lib/forever/service/adapters
silly asyncMap in gTP /usr/local/lib/node_modules/___forever.npm/package/lib/forever/service/adapters/adapter.js
silly asyncMap in gTP /usr/local/lib/node_modules/___forever.npm/package/lib/forever/service/adapters/initd
silly asyncMap in gTP /usr/local/lib/node_modules/___forever.npm/package/lib/forever/service/adapters/initd/index.js
silly asyncMap in gTP /usr/local/lib/node_modules/___forever.npm/package/lib/forever/service/adapters/systemv
silly asyncMap in gTP /usr/local/lib/node_modules/___forever.npm/package/lib/forever/service/adapters/systemv/foreverd
silly asyncMap in gTP /usr/local/lib/node_modules/___forever.npm/package/lib/forever/service/adapters/systemv/index.js
verbose gunzed /usr/local/lib/node_modules/___forever.npm/package
verbose rm'ed /usr/local/lib/node_modules/forever
verbose renamed [ '/usr/local/lib/node_modules/___forever.npm/package',
verbose renamed   '/usr/local/lib/node_modules/forever' ]
verbose caching /usr/local/lib/node_modules/forever/package.json
verbose loadDefaults forever@0.8.4
info preinstall forever@0.8.4
verbose from cache /usr/local/lib/node_modules/forever/package.json
verbose cache add [ 'broadway@0.1.x', null ]
silly cache add: name, spec, args [ undefined, 'broadway@0.1.x', [ 'broadway@0.1.x', null ] ]
verbose parsed url { pathname: 'broadway@0.1.x',
verbose parsed url   path: 'broadway@0.1.x',
verbose parsed url   href: 'broadway@0.1.x' }
silly cache add: name, spec, args [ 'broadway', '0.1.x', [ 'broadway', '0.1.x' ] ]
verbose parsed url { pathname: '0.1.x', path: '0.1.x', href: '0.1.x' }
verbose addNamed [ 'broadway', '0.1.x' ]
verbose addNamed [ null, '>=0.1.0- <0.2.0-' ]
silly name, range, hasData [ 'broadway', '>=0.1.0- <0.2.0-', false ]
verbose cache add [ 'cliff@0.x.x', null ]
silly cache add: name, spec, args [ undefined, 'cliff@0.x.x', [ 'cliff@0.x.x', null ] ]
verbose parsed url { pathname: 'cliff@0.x.x',
verbose parsed url   path: 'cliff@0.x.x',
verbose parsed url   href: 'cliff@0.x.x' }
silly cache add: name, spec, args [ 'cliff', '0.x.x', [ 'cliff', '0.x.x' ] ]
verbose parsed url { pathname: '0.x.x', path: '0.x.x', href: '0.x.x' }
verbose addNamed [ 'cliff', '0.x.x' ]
verbose addNamed [ null, '>=0.0.0- <1.0.0-' ]
silly name, range, hasData [ 'cliff', '>=0.0.0- <1.0.0-', false ]
verbose cache add [ 'daemon@0.4.x', null ]
silly cache add: name, spec, args [ undefined, 'daemon@0.4.x', [ 'daemon@0.4.x', null ] ]
verbose parsed url { pathname: 'daemon@0.4.x',
verbose parsed url   path: 'daemon@0.4.x',
verbose parsed url   href: 'daemon@0.4.x' }
silly cache add: name, spec, args [ 'daemon', '0.4.x', [ 'daemon', '0.4.x' ] ]
verbose parsed url { pathname: '0.4.x', path: '0.4.x', href: '0.4.x' }
verbose addNamed [ 'daemon', '0.4.x' ]
verbose addNamed [ null, '>=0.4.0- <0.5.0-' ]
silly name, range, hasData [ 'daemon', '>=0.4.0- <0.5.0-', false ]
verbose raw, before any munging broadway
verbose url resolving [ 'https://registry.npmjs.org/', './broadway' ]
verbose url resolved https://registry.npmjs.org/broadway
verbose etag "6FJLS172DAV79RV3J9XSETBJK"
http GET https://registry.npmjs.org/broadway
verbose raw, before any munging cliff
verbose url resolving [ 'https://registry.npmjs.org/', './cliff' ]
verbose url resolved https://registry.npmjs.org/cliff
verbose etag "6QUFNZ2WF16DGASLU831NC65U"
http GET https://registry.npmjs.org/cliff
verbose raw, before any munging daemon
verbose url resolving [ 'https://registry.npmjs.org/', './daemon' ]
verbose url resolved https://registry.npmjs.org/daemon
verbose etag "2WGJIB1MM6YSEK0GRP40X6UKP"
http GET https://registry.npmjs.org/daemon
verbose cache add [ 'flatiron@0.1.x', null ]
silly cache add: name, spec, args [ undefined, 'flatiron@0.1.x', [ 'flatiron@0.1.x', null ] ]
verbose parsed url { pathname: 'flatiron@0.1.x',
verbose parsed url   path: 'flatiron@0.1.x',
verbose parsed url   href: 'flatiron@0.1.x' }
silly cache add: name, spec, args [ 'flatiron', '0.1.x', [ 'flatiron', '0.1.x' ] ]
verbose parsed url { pathname: '0.1.x', path: '0.1.x', href: '0.1.x' }
verbose addNamed [ 'flatiron', '0.1.x' ]
verbose addNamed [ null, '>=0.1.0- <0.2.0-' ]
silly name, range, hasData [ 'flatiron', '>=0.1.0- <0.2.0-', false ]
verbose cache add [ 'microtime@0.2.x', null ]
silly cache add: name, spec, args [ undefined, 'microtime@0.2.x', [ 'microtime@0.2.x', null ] ]
verbose parsed url { pathname: 'microtime@0.2.x',
verbose parsed url   path: 'microtime@0.2.x',
verbose parsed url   href: 'microtime@0.2.x' }
silly cache add: name, spec, args [ 'microtime', '0.2.x', [ 'microtime', '0.2.x' ] ]
verbose parsed url { pathname: '0.2.x', path: '0.2.x', href: '0.2.x' }
verbose addNamed [ 'microtime', '0.2.x' ]
verbose addNamed [ null, '>=0.2.0- <0.3.0-' ]
silly name, range, hasData [ 'microtime', '>=0.2.0- <0.3.0-', false ]
verbose cache add [ 'minimatch@0.0.x', null ]
silly cache add: name, spec, args [ undefined, 'minimatch@0.0.x', [ 'minimatch@0.0.x', null ] ]
verbose parsed url { pathname: 'minimatch@0.0.x',
verbose parsed url   path: 'minimatch@0.0.x',
verbose parsed url   href: 'minimatch@0.0.x' }
silly cache add: name, spec, args [ 'minimatch', '0.0.x', [ 'minimatch', '0.0.x' ] ]
verbose parsed url { pathname: '0.0.x', path: '0.0.x', href: '0.0.x' }
verbose addNamed [ 'minimatch', '0.0.x' ]
verbose addNamed [ null, '>=0.0.0- <0.1.0-' ]
silly name, range, hasData [ 'minimatch', '>=0.0.0- <0.1.0-', false ]
verbose cache add [ 'nconf@0.5.x', null ]
silly cache add: name, spec, args [ undefined, 'nconf@0.5.x', [ 'nconf@0.5.x', null ] ]
verbose parsed url { pathname: 'nconf@0.5.x',
verbose parsed url   path: 'nconf@0.5.x',
verbose parsed url   href: 'nconf@0.5.x' }
silly cache add: name, spec, args [ 'nconf', '0.5.x', [ 'nconf', '0.5.x' ] ]
verbose parsed url { pathname: '0.5.x', path: '0.5.x', href: '0.5.x' }
verbose addNamed [ 'nconf', '0.5.x' ]
verbose addNamed [ null, '>=0.5.0- <0.6.0-' ]
silly name, range, hasData [ 'nconf', '>=0.5.0- <0.6.0-', false ]
verbose cache add [ 'nssocket@0.3.x', null ]
silly cache add: name, spec, args [ undefined, 'nssocket@0.3.x', [ 'nssocket@0.3.x', null ] ]
verbose parsed url { pathname: 'nssocket@0.3.x',
verbose parsed url   path: 'nssocket@0.3.x',
verbose parsed url   href: 'nssocket@0.3.x' }
silly cache add: name, spec, args [ 'nssocket', '0.3.x', [ 'nssocket', '0.3.x' ] ]
verbose parsed url { pathname: '0.3.x', path: '0.3.x', href: '0.3.x' }
verbose addNamed [ 'nssocket', '0.3.x' ]
verbose addNamed [ null, '>=0.3.0- <0.4.0-' ]
silly name, range, hasData [ 'nssocket', '>=0.3.0- <0.4.0-', false ]
verbose raw, before any munging flatiron
verbose url resolving [ 'https://registry.npmjs.org/', './flatiron' ]
verbose url resolved https://registry.npmjs.org/flatiron
verbose etag "4FHSXXX03XNNN1NPTOJWVY3MH"
http GET https://registry.npmjs.org/flatiron
verbose raw, before any munging microtime
verbose url resolving [ 'https://registry.npmjs.org/', './microtime' ]
verbose url resolved https://registry.npmjs.org/microtime
verbose etag "BZHCF7AZQ6DKIMURL8YGYGJQW"
http GET https://registry.npmjs.org/microtime
verbose raw, before any munging minimatch
verbose url resolving [ 'https://registry.npmjs.org/', './minimatch' ]
verbose url resolved https://registry.npmjs.org/minimatch
verbose etag "1KP7CTUCJDFGOREOHC3MZCASC"
http GET https://registry.npmjs.org/minimatch
verbose raw, before any munging nconf
verbose url resolving [ 'https://registry.npmjs.org/', './nconf' ]
verbose url resolved https://registry.npmjs.org/nconf
verbose etag "C6SWXDM0OZGVEWT9ANFIGQQYD"
http GET https://registry.npmjs.org/nconf
verbose raw, before any munging nssocket
verbose url resolving [ 'https://registry.npmjs.org/', './nssocket' ]
verbose url resolved https://registry.npmjs.org/nssocket
verbose etag "8KG4D8DLSXN0G8U1PJKO3SC9I"
http GET https://registry.npmjs.org/nssocket
verbose cache add [ 'node-fork@0.4.x', null ]
silly cache add: name, spec, args [ undefined, 'node-fork@0.4.x', [ 'node-fork@0.4.x', null ] ]
verbose parsed url { pathname: 'node-fork@0.4.x',
verbose parsed url   path: 'node-fork@0.4.x',
verbose parsed url   href: 'node-fork@0.4.x' }
silly cache add: name, spec, args [ 'node-fork', '0.4.x', [ 'node-fork', '0.4.x' ] ]
verbose parsed url { pathname: '0.4.x', path: '0.4.x', href: '0.4.x' }
verbose addNamed [ 'node-fork', '0.4.x' ]
verbose addNamed [ null, '>=0.4.0- <0.5.0-' ]
silly name, range, hasData [ 'node-fork', '>=0.4.0- <0.5.0-', false ]
verbose cache add [ 'optimist@0.2.x', null ]
silly cache add: name, spec, args [ undefined, 'optimist@0.2.x', [ 'optimist@0.2.x', null ] ]
verbose parsed url { pathname: 'optimist@0.2.x',
verbose parsed url   path: 'optimist@0.2.x',
verbose parsed url   href: 'optimist@0.2.x' }
silly cache add: name, spec, args [ 'optimist', '0.2.x', [ 'optimist', '0.2.x' ] ]
verbose parsed url { pathname: '0.2.x', path: '0.2.x', href: '0.2.x' }
verbose addNamed [ 'optimist', '0.2.x' ]
verbose addNamed [ null, '>=0.2.0- <0.3.0-' ]
silly name, range, hasData [ 'optimist', '>=0.2.0- <0.3.0-', false ]
verbose cache add [ 'pkginfo@0.x.x', null ]
silly cache add: name, spec, args [ undefined, 'pkginfo@0.x.x', [ 'pkginfo@0.x.x', null ] ]
verbose parsed url { pathname: 'pkginfo@0.x.x',
verbose parsed url   path: 'pkginfo@0.x.x',
verbose parsed url   href: 'pkginfo@0.x.x' }
silly cache add: name, spec, args [ 'pkginfo', '0.x.x', [ 'pkginfo', '0.x.x' ] ]
verbose parsed url { pathname: '0.x.x', path: '0.x.x', href: '0.x.x' }
verbose addNamed [ 'pkginfo', '0.x.x' ]
verbose addNamed [ null, '>=0.0.0- <1.0.0-' ]
silly name, range, hasData [ 'pkginfo', '>=0.0.0- <1.0.0-', false ]
verbose cache add [ 'portfinder@0.x.x', null ]
silly cache add: name, spec, args [ undefined, 'portfinder@0.x.x', [ 'portfinder@0.x.x', null ] ]
verbose parsed url { pathname: 'portfinder@0.x.x',
verbose parsed url   path: 'portfinder@0.x.x',
verbose parsed url   href: 'portfinder@0.x.x' }
silly cache add: name, spec, args [ 'portfinder', '0.x.x', [ 'portfinder', '0.x.x' ] ]
verbose parsed url { pathname: '0.x.x', path: '0.x.x', href: '0.x.x' }
verbose addNamed [ 'portfinder', '0.x.x' ]
verbose addNamed [ null, '>=0.0.0- <1.0.0-' ]
silly name, range, hasData [ 'portfinder', '>=0.0.0- <1.0.0-', false ]
verbose cache add [ 'ps-tree@0.0.x', null ]
silly cache add: name, spec, args [ undefined, 'ps-tree@0.0.x', [ 'ps-tree@0.0.x', null ] ]
verbose parsed url { pathname: 'ps-tree@0.0.x',
verbose parsed url   path: 'ps-tree@0.0.x',
verbose parsed url   href: 'ps-tree@0.0.x' }
silly cache add: name, spec, args [ 'ps-tree', '0.0.x', [ 'ps-tree', '0.0.x' ] ]
verbose parsed url { pathname: '0.0.x', path: '0.0.x', href: '0.0.x' }
verbose addNamed [ 'ps-tree', '0.0.x' ]
verbose addNamed [ null, '>=0.0.0- <0.1.0-' ]
silly name, range, hasData [ 'ps-tree', '>=0.0.0- <0.1.0-', false ]
verbose cache add [ 'timespan@2.0.x', null ]
silly cache add: name, spec, args [ undefined, 'timespan@2.0.x', [ 'timespan@2.0.x', null ] ]
verbose parsed url { pathname: 'timespan@2.0.x',
verbose parsed url   path: 'timespan@2.0.x',
verbose parsed url   href: 'timespan@2.0.x' }
silly cache add: name, spec, args [ 'timespan', '2.0.x', [ 'timespan', '2.0.x' ] ]
verbose parsed url { pathname: '2.0.x', path: '2.0.x', href: '2.0.x' }
verbose addNamed [ 'timespan', '2.0.x' ]
verbose addNamed [ null, '>=2.0.0- <2.1.0-' ]
silly name, range, hasData [ 'timespan', '>=2.0.0- <2.1.0-', false ]
verbose cache add [ 'watch@0.5.x', null ]
silly cache add: name, spec, args [ undefined, 'watch@0.5.x', [ 'watch@0.5.x', null ] ]
verbose parsed url { pathname: 'watch@0.5.x',
verbose parsed url   path: 'watch@0.5.x',
verbose parsed url   href: 'watch@0.5.x' }
silly cache add: name, spec, args [ 'watch', '0.5.x', [ 'watch', '0.5.x' ] ]
verbose parsed url { pathname: '0.5.x', path: '0.5.x', href: '0.5.x' }
verbose addNamed [ 'watch', '0.5.x' ]
verbose addNamed [ null, '>=0.5.0- <0.6.0-' ]
silly name, range, hasData [ 'watch', '>=0.5.0- <0.6.0-', false ]
verbose cache add [ 'utile@0.0.x', null ]
silly cache add: name, spec, args [ undefined, 'utile@0.0.x', [ 'utile@0.0.x', null ] ]
verbose parsed url { pathname: 'utile@0.0.x',
verbose parsed url   path: 'utile@0.0.x',
verbose parsed url   href: 'utile@0.0.x' }
silly cache add: name, spec, args [ 'utile', '0.0.x', [ 'utile', '0.0.x' ] ]
verbose parsed url { pathname: '0.0.x', path: '0.0.x', href: '0.0.x' }
verbose addNamed [ 'utile', '0.0.x' ]
verbose addNamed [ null, '>=0.0.0- <0.1.0-' ]
silly name, range, hasData [ 'utile', '>=0.0.0- <0.1.0-', false ]
verbose cache add [ 'winston@0.5.x', null ]
silly cache add: name, spec, args [ undefined, 'winston@0.5.x', [ 'winston@0.5.x', null ] ]
verbose parsed url { pathname: 'winston@0.5.x',
verbose parsed url   path: 'winston@0.5.x',
verbose parsed url   href: 'winston@0.5.x' }
silly cache add: name, spec, args [ 'winston', '0.5.x', [ 'winston', '0.5.x' ] ]
verbose parsed url { pathname: '0.5.x', path: '0.5.x', href: '0.5.x' }
verbose addNamed [ 'winston', '0.5.x' ]
verbose addNamed [ null, '>=0.5.0- <0.6.0-' ]
silly name, range, hasData [ 'winston', '>=0.5.0- <0.6.0-', false ]
verbose raw, before any munging pkginfo
verbose url resolving [ 'https://registry.npmjs.org/', './pkginfo' ]
verbose url resolved https://registry.npmjs.org/pkginfo
http GET https://registry.npmjs.org/pkginfo
verbose raw, before any munging portfinder
verbose url resolving [ 'https://registry.npmjs.org/', './portfinder' ]
verbose url resolved https://registry.npmjs.org/portfinder
http GET https://registry.npmjs.org/portfinder
verbose raw, before any munging ps-tree
verbose url resolving [ 'https://registry.npmjs.org/', './ps-tree' ]
verbose url resolved https://registry.npmjs.org/ps-tree
http GET https://registry.npmjs.org/ps-tree
verbose raw, before any munging timespan
verbose url resolving [ 'https://registry.npmjs.org/', './timespan' ]
verbose url resolved https://registry.npmjs.org/timespan
http GET https://registry.npmjs.org/timespan
verbose raw, before any munging watch
verbose url resolving [ 'https://registry.npmjs.org/', './watch' ]
verbose url resolved https://registry.npmjs.org/watch
http GET https://registry.npmjs.org/watch
verbose raw, before any munging utile
verbose url resolving [ 'https://registry.npmjs.org/', './utile' ]
verbose url resolved https://registry.npmjs.org/utile
http GET https://registry.npmjs.org/utile
verbose raw, before any munging winston
verbose url resolving [ 'https://registry.npmjs.org/', './winston' ]
verbose url resolved https://registry.npmjs.org/winston
http GET https://registry.npmjs.org/winston
verbose raw, before any munging node-fork
verbose url resolving [ 'https://registry.npmjs.org/', './node-fork' ]
verbose url resolved https://registry.npmjs.org/node-fork
verbose etag "9QV7W7RHPJCTAZ6UCAKEDXF23"
http GET https://registry.npmjs.org/node-fork
verbose raw, before any munging optimist
verbose url resolving [ 'https://registry.npmjs.org/', './optimist' ]
verbose url resolved https://registry.npmjs.org/optimist
verbose etag "2TYAHMZL99I68R2ZVSXBVAQM9"
http GET https://registry.npmjs.org/optimist
http 304 https://registry.npmjs.org/cliff
silly get cb [ 304,
silly get cb   { server: 'CouchDB/1.1.0 (Erlang OTP/R14B04)',
silly get cb     etag: '"6QUFNZ2WF16DGASLU831NC65U"',
silly get cb     date: 'Tue, 17 Jan 2012 02:57:01 GMT',
silly get cb     'content-length': '0' } ]
verbose etag cliff from cache
silly name, range, hasData 2 [ 'cliff', '>=0.0.0- <1.0.0-', true ]
silly versions [ 'cliff',
silly versions   [ '0.1.0', '0.1.1', '0.1.2', '0.1.3', '0.1.4', '0.1.5' ] ]
verbose bin dist [ null,
verbose bin dist   { shasum: 'd515a5801f16b712c45607711da05bae70327058',
verbose bin dist     tarball: 'http://registry.npmjs.org/cliff/-/cliff-0.1.5.tgz' } ]
verbose addRemoteTarball [ 'https://registry.npmjs.org/cliff/-/cliff-0.1.5.tgz',
verbose addRemoteTarball   'd515a5801f16b712c45607711da05bae70327058' ]
verbose mkdir (expected) error ENOENT, no such file or directory '/tmp/npm-1326769021066'
verbose mkdir (expected) error ENOENT, no such file or directory '/tmp/npm-1326769021066/1326769021066-0.7697078441269696'
verbose mkdir done: /tmp/npm-1326769021066/1326769021066-0.7697078441269696 755
verbose fetch to /tmp/npm-1326769021066/1326769021066-0.7697078441269696/tmp.tgz
http GET https://registry.npmjs.org/cliff/-/cliff-0.1.5.tgz
http 304 https://registry.npmjs.org/daemon
silly get cb [ 304,
silly get cb   { server: 'CouchDB/1.1.0 (Erlang OTP/R14B04)',
silly get cb     etag: '"2WGJIB1MM6YSEK0GRP40X6UKP"',
silly get cb     date: 'Tue, 17 Jan 2012 02:57:01 GMT',
silly get cb     'content-length': '0' } ]
verbose etag daemon from cache
silly name, range, hasData 2 [ 'daemon', '>=0.4.0- <0.5.0-', true ]
silly versions [ 'daemon', [ '0.1.0', '0.3.0', '0.3.2', '0.4.0', '0.4.1' ] ]
verbose bin dist [ null,
verbose bin dist   { shasum: 'bbbc3d6d99b3420c3a502deaf013ce03b6e523a0',
verbose bin dist     tarball: 'http://registry.npmjs.org/daemon/-/daemon-0.4.1.tgz' } ]
verbose addRemoteTarball [ 'https://registry.npmjs.org/daemon/-/daemon-0.4.1.tgz',
verbose addRemoteTarball   'bbbc3d6d99b3420c3a502deaf013ce03b6e523a0' ]
verbose mkdir (expected) error ENOENT, no such file or directory '/tmp/npm-1326769021066/1326769021099-0.11304051917977631'
verbose mkdir done: /tmp/npm-1326769021066/1326769021099-0.11304051917977631 755
verbose fetch to /tmp/npm-1326769021066/1326769021099-0.11304051917977631/tmp.tgz
http GET https://registry.npmjs.org/daemon/-/daemon-0.4.1.tgz
http 304 https://registry.npmjs.org/flatiron
silly get cb [ 304,
silly get cb   { server: 'CouchDB/1.1.0 (Erlang OTP/R14B04)',
silly get cb     etag: '"4FHSXXX03XNNN1NPTOJWVY3MH"',
silly get cb     date: 'Tue, 17 Jan 2012 02:57:01 GMT',
silly get cb     'content-length': '0' } ]
verbose etag flatiron from cache
silly name, range, hasData 2 [ 'flatiron', '>=0.1.0- <0.2.0-', true ]
silly versions [ 'flatiron',
silly versions   [ '0.1.2', '0.1.3', '0.1.4', '0.1.5', '0.1.5-1', '0.1.6', '0.1.7' ] ]
verbose bin dist [ null,
verbose bin dist   { shasum: 'b4cd03c21b516ccef4a056bffc09d6a2af11392e',
verbose bin dist     tarball: 'http://registry.npmjs.org/flatiron/-/flatiron-0.1.7.tgz' } ]
verbose addRemoteTarball [ 'https://registry.npmjs.org/flatiron/-/flatiron-0.1.7.tgz',
verbose addRemoteTarball   'b4cd03c21b516ccef4a056bffc09d6a2af11392e' ]
verbose mkdir (expected) error ENOENT, no such file or directory '/tmp/npm-1326769021066/1326769021111-0.556728221476078'
verbose mkdir done: /tmp/npm-1326769021066/1326769021111-0.556728221476078 755
verbose fetch to /tmp/npm-1326769021066/1326769021111-0.556728221476078/tmp.tgz
http GET https://registry.npmjs.org/flatiron/-/flatiron-0.1.7.tgz
http 304 https://registry.npmjs.org/broadway
silly get cb [ 304,
silly get cb   { server: 'CouchDB/1.1.0 (Erlang OTP/R14B04)',
silly get cb     etag: '"6FJLS172DAV79RV3J9XSETBJK"',
silly get cb     date: 'Tue, 17 Jan 2012 02:57:01 GMT',
silly get cb     'content-length': '0' } ]
verbose etag broadway from cache
silly name, range, hasData 2 [ 'broadway', '>=0.1.0- <0.2.0-', true ]
silly versions [ 'broadway',
silly versions   [ '0.1.0', '0.1.1', '0.1.2', '0.1.3', '0.1.4', '0.1.5', '0.1.6' ] ]
verbose bin dist [ null,
verbose bin dist   { shasum: 'f3de1dd451f9e6b8c4b919c47e58a19f988ecc9b',
verbose bin dist     tarball: 'http://registry.npmjs.org/broadway/-/broadway-0.1.6.tgz' } ]
verbose addRemoteTarball [ 'https://registry.npmjs.org/broadway/-/broadway-0.1.6.tgz',
verbose addRemoteTarball   'f3de1dd451f9e6b8c4b919c47e58a19f988ecc9b' ]
verbose mkdir (expected) error ENOENT, no such file or directory '/tmp/npm-1326769021066/1326769021121-0.0015820921398699284'
verbose mkdir done: /tmp/npm-1326769021066/1326769021121-0.0015820921398699284 755
verbose fetch to /tmp/npm-1326769021066/1326769021121-0.0015820921398699284/tmp.tgz
http GET https://registry.npmjs.org/broadway/-/broadway-0.1.6.tgz
http 304 https://registry.npmjs.org/microtime
silly get cb [ 304,
silly get cb   { server: 'CouchDB/1.1.0 (Erlang OTP/R14B04)',
silly get cb     etag: '"BZHCF7AZQ6DKIMURL8YGYGJQW"',
silly get cb     date: 'Tue, 17 Jan 2012 02:57:01 GMT',
silly get cb     'content-length': '0' } ]
verbose etag microtime from cache
silly name, range, hasData 2 [ 'microtime', '>=0.2.0- <0.3.0-', true ]
silly versions [ 'microtime',
silly versions   [ '0.1.0', '0.1.1', '0.1.2', '0.1.3', '0.1.3-1', '0.2.0' ] ]
verbose bin dist [ null,
verbose bin dist   { shasum: '45ee5cb061f9948a3ade221e620d5117a8a2bdb4',
verbose bin dist     tarball: 'http://registry.npmjs.org/microtime/-/microtime-0.2.0.tgz' } ]
verbose addRemoteTarball [ 'https://registry.npmjs.org/microtime/-/microtime-0.2.0.tgz',
verbose addRemoteTarball   '45ee5cb061f9948a3ade221e620d5117a8a2bdb4' ]
verbose mkdir (expected) error ENOENT, no such file or directory '/tmp/npm-1326769021066/1326769021149-0.8982327238190919'
verbose mkdir done: /tmp/npm-1326769021066/1326769021149-0.8982327238190919 755
verbose fetch to /tmp/npm-1326769021066/1326769021149-0.8982327238190919/tmp.tgz
http GET https://registry.npmjs.org/microtime/-/microtime-0.2.0.tgz
http 304 https://registry.npmjs.org/minimatch
silly get cb [ 304,
silly get cb   { server: 'CouchDB/1.1.0 (Erlang OTP/R14B04)',
silly get cb     etag: '"1KP7CTUCJDFGOREOHC3MZCASC"',
silly get cb     date: 'Tue, 17 Jan 2012 02:57:01 GMT',
silly get cb     'content-length': '0' } ]
verbose etag minimatch from cache
silly name, range, hasData 2 [ 'minimatch', '>=0.0.0- <0.1.0-', true ]
silly versions [ 'minimatch',
silly versions   [ '0.0.1', '0.0.2', '0.0.4', '0.0.5', '0.1.1', '0.1.2', '0.1.3' ] ]
verbose bin dist [ null,
verbose bin dist   { shasum: '96bb490bbd3ba6836bbfac111adf75301b1584de',
verbose bin dist     tarball: 'http://registry.npmjs.org/minimatch/-/minimatch-0.0.5.tgz' } ]
verbose addRemoteTarball [ 'https://registry.npmjs.org/minimatch/-/minimatch-0.0.5.tgz',
verbose addRemoteTarball   '96bb490bbd3ba6836bbfac111adf75301b1584de' ]
http 304 https://registry.npmjs.org/nconf
silly get cb [ 304,
silly get cb   { server: 'CouchDB/1.1.0 (Erlang OTP/R14B04)',
silly get cb     etag: '"C6SWXDM0OZGVEWT9ANFIGQQYD"',
silly get cb     date: 'Tue, 17 Jan 2012 02:57:01 GMT',
silly get cb     'content-length': '0' } ]
verbose etag nconf from cache
verbose mkdir (expected) error ENOENT, no such file or directory '/tmp/npm-1326769021066/1326769021588-0.9377185988705605'
verbose mkdir done: /tmp/npm-1326769021066/1326769021588-0.9377185988705605 755
silly name, range, hasData 2 [ 'nconf', '>=0.5.0- <0.6.0-', true ]
silly versions [ 'nconf',
silly versions   [ '0.1.14',
silly versions     '0.2.0',
silly versions     '0.3.1',
silly versions     '0.4.3',
silly versions     '0.4.4',
silly versions     '0.4.5',
silly versions     '0.4.6',
silly versions     '0.5.0',
silly versions     '0.5.1' ] ]
verbose bin dist [ null,
verbose bin dist   { shasum: 'bb3058ea45a39f26a6dbf00f9809143f0b878176',
verbose bin dist     tarball: 'http://registry.npmjs.org/nconf/-/nconf-0.5.1.tgz' } ]
verbose addRemoteTarball [ 'https://registry.npmjs.org/nconf/-/nconf-0.5.1.tgz',
verbose addRemoteTarball   'bb3058ea45a39f26a6dbf00f9809143f0b878176' ]
verbose fetch to /tmp/npm-1326769021066/1326769021588-0.9377185988705605/tmp.tgz
http GET https://registry.npmjs.org/minimatch/-/minimatch-0.0.5.tgz
verbose mkdir (expected) error ENOENT, no such file or directory '/tmp/npm-1326769021066/1326769021599-0.5050278410781175'
verbose mkdir done: /tmp/npm-1326769021066/1326769021599-0.5050278410781175 755
verbose fetch to /tmp/npm-1326769021066/1326769021599-0.5050278410781175/tmp.tgz
http GET https://registry.npmjs.org/nconf/-/nconf-0.5.1.tgz
http 304 https://registry.npmjs.org/nssocket
silly get cb [ 304,
silly get cb   { server: 'CouchDB/1.1.0 (Erlang OTP/R14B04)',
silly get cb     etag: '"8KG4D8DLSXN0G8U1PJKO3SC9I"',
silly get cb     date: 'Tue, 17 Jan 2012 02:57:01 GMT',
silly get cb     'content-length': '0' } ]
verbose etag nssocket from cache
silly name, range, hasData 2 [ 'nssocket', '>=0.3.0- <0.4.0-', true ]
silly versions [ 'nssocket',
silly versions   [ '0.1.0',
silly versions     '0.1.1',
silly versions     '0.2.0',
silly versions     '0.2.1',
silly versions     '0.2.2',
silly versions     '0.2.3',
silly versions     '0.2.4',
silly versions     '0.3.4',
silly versions     '0.3.5' ] ]
verbose bin dist [ null,
verbose bin dist   { shasum: 'b3779b790bd307aa6fc7908bcb8a23d6d5783287',
verbose bin dist     tarball: 'http://registry.npmjs.org/nssocket/-/nssocket-0.3.5.tgz' } ]
verbose addRemoteTarball [ 'https://registry.npmjs.org/nssocket/-/nssocket-0.3.5.tgz',
verbose addRemoteTarball   'b3779b790bd307aa6fc7908bcb8a23d6d5783287' ]
verbose mkdir (expected) error ENOENT, no such file or directory '/tmp/npm-1326769021066/1326769021611-0.36717406823299825'
verbose mkdir done: /tmp/npm-1326769021066/1326769021611-0.36717406823299825 755
verbose fetch to /tmp/npm-1326769021066/1326769021611-0.36717406823299825/tmp.tgz
http GET https://registry.npmjs.org/nssocket/-/nssocket-0.3.5.tgz
http 200 https://registry.npmjs.org/pkginfo
silly get cb [ 200,
silly get cb   { vary: 'Accept',
silly get cb     server: 'CouchDB/1.1.0 (Erlang OTP/R14B04)',
silly get cb     etag: '"5CP1WW0OYUOQ2BKD0A3PXFW0D"',
silly get cb     date: 'Tue, 17 Jan 2012 02:57:01 GMT',
silly get cb     'content-type': 'application/json',
silly get cb     'content-length': '3016' } ]
verbose mkdir (expected) error ENOENT, no such file or directory '/root/.npm/pkginfo'
verbose mkdir done: /root/.npm/pkginfo 755
silly name, range, hasData 2 [ 'pkginfo', '>=0.0.0- <1.0.0-', true ]
silly versions [ 'pkginfo', [ '0.2.1', '0.2.2', '0.2.3' ] ]
verbose bin dist [ null,
verbose bin dist   { shasum: '7239c42a5ef6c30b8f328439d9b9ff71042490f8',
verbose bin dist     tarball: 'http://registry.npmjs.org/pkginfo/-/pkginfo-0.2.3.tgz' } ]
verbose addRemoteTarball [ 'https://registry.npmjs.org/pkginfo/-/pkginfo-0.2.3.tgz',
verbose addRemoteTarball   '7239c42a5ef6c30b8f328439d9b9ff71042490f8' ]
verbose mkdir (expected) error ENOENT, no such file or directory '/tmp/npm-1326769021066/1326769021661-0.5321466422174126'
verbose mkdir done: /tmp/npm-1326769021066/1326769021661-0.5321466422174126 755
verbose fetch to /tmp/npm-1326769021066/1326769021661-0.5321466422174126/tmp.tgz
http GET https://registry.npmjs.org/pkginfo/-/pkginfo-0.2.3.tgz
http 200 https://registry.npmjs.org/portfinder
silly get cb [ 200,
silly get cb   { vary: 'Accept',
silly get cb     server: 'CouchDB/1.1.0 (Erlang OTP/R14B04)',
silly get cb     etag: '"C49UHDOS3IIBJ98BWKSWU839C"',
silly get cb     date: 'Tue, 17 Jan 2012 02:57:01 GMT',
silly get cb     'content-type': 'application/json',
silly get cb     'content-length': '3261' } ]
verbose mkdir (expected) error ENOENT, no such file or directory '/root/.npm/portfinder'
verbose mkdir done: /root/.npm/portfinder 755
silly name, range, hasData 2 [ 'portfinder', '>=0.0.0- <1.0.0-', true ]
silly versions [ 'portfinder', [ '0.1.0', '0.2.0', '0.2.1' ] ]
verbose bin dist [ null,
verbose bin dist   { shasum: 'b2b9b0164f9e17fa3a9c7db2304d0a75140c71ad',
verbose bin dist     tarball: 'http://registry.npmjs.org/portfinder/-/portfinder-0.2.1.tgz' } ]
verbose addRemoteTarball [ 'https://registry.npmjs.org/portfinder/-/portfinder-0.2.1.tgz',
verbose addRemoteTarball   'b2b9b0164f9e17fa3a9c7db2304d0a75140c71ad' ]
verbose mkdir (expected) error ENOENT, no such file or directory '/tmp/npm-1326769021066/1326769021761-0.747767275897786'
verbose mkdir done: /tmp/npm-1326769021066/1326769021761-0.747767275897786 755
verbose fetch to /tmp/npm-1326769021066/1326769021761-0.747767275897786/tmp.tgz
http GET https://registry.npmjs.org/portfinder/-/portfinder-0.2.1.tgz
http 200 https://registry.npmjs.org/timespan
silly get cb [ 200,
silly get cb   { vary: 'Accept',
silly get cb     server: 'CouchDB/1.1.0 (Erlang OTP/R14B04)',
silly get cb     etag: '"EUFN1YZR8WX1DN6I3Z6FK6V69"',
silly get cb     date: 'Tue, 17 Jan 2012 02:57:02 GMT',
silly get cb     'content-type': 'application/json',
silly get cb     'content-length': '4094' } ]
verbose mkdir (expected) error ENOENT, no such file or directory '/root/.npm/timespan'
verbose mkdir done: /root/.npm/timespan 755
silly name, range, hasData 2 [ 'timespan', '>=2.0.0- <2.1.0-', true ]
silly versions [ 'timespan', [ '2.0.0', '2.0.1', '2.1.0', '2.2.0' ] ]
verbose bin dist [ null,
verbose bin dist   { shasum: '479b45875937e14d0f4be1625f2abd08d801f68a',
verbose bin dist     tarball: 'http://registry.npmjs.org/timespan/-/timespan-2.0.1.tgz' } ]
verbose addRemoteTarball [ 'https://registry.npmjs.org/timespan/-/timespan-2.0.1.tgz',
verbose addRemoteTarball   '479b45875937e14d0f4be1625f2abd08d801f68a' ]
verbose mkdir (expected) error ENOENT, no such file or directory '/tmp/npm-1326769021066/1326769022111-0.202148083364591'
verbose mkdir done: /tmp/npm-1326769021066/1326769022111-0.202148083364591 755
verbose fetch to /tmp/npm-1326769021066/1326769022111-0.202148083364591/tmp.tgz
http GET https://registry.npmjs.org/timespan/-/timespan-2.0.1.tgz
http 200 https://registry.npmjs.org/ps-tree
silly get cb [ 200,
silly get cb   { vary: 'Accept',
silly get cb     server: 'CouchDB/1.1.0 (Erlang OTP/R14B04)',
silly get cb     etag: '"34TZD5OPAED4WS0DVR4J8VNV5"',
silly get cb     date: 'Tue, 17 Jan 2012 02:57:02 GMT',
silly get cb     'content-type': 'application/json',
silly get cb     'content-length': '2982' } ]
verbose mkdir (expected) error ENOENT, no such file or directory '/root/.npm/ps-tree'
verbose mkdir done: /root/.npm/ps-tree 755
silly name, range, hasData 2 [ 'ps-tree', '>=0.0.0- <0.1.0-', true ]
silly versions [ 'ps-tree', [ '0.0.0', '0.0.1', '0.0.2' ] ]
verbose bin dist [ null,
verbose bin dist   { shasum: 'e33b587afec35f354d4bef0c404c573e97d21b01',
verbose bin dist     tarball: 'http://registry.npmjs.org/ps-tree/-/ps-tree-0.0.2.tgz' } ]
verbose addRemoteTarball [ 'https://registry.npmjs.org/ps-tree/-/ps-tree-0.0.2.tgz',
verbose addRemoteTarball   'e33b587afec35f354d4bef0c404c573e97d21b01' ]
verbose mkdir (expected) error ENOENT, no such file or directory '/tmp/npm-1326769021066/1326769022133-0.7183765114750713'
verbose mkdir done: /tmp/npm-1326769021066/1326769022133-0.7183765114750713 755
verbose fetch to /tmp/npm-1326769021066/1326769022133-0.7183765114750713/tmp.tgz
http GET https://registry.npmjs.org/ps-tree/-/ps-tree-0.0.2.tgz
http 200 https://registry.npmjs.org/watch
silly get cb [ 200,
silly get cb   { vary: 'Accept',
silly get cb     server: 'CouchDB/1.1.0 (Erlang OTP/R14B04)',
silly get cb     etag: '"2UPNV00EQD9QXOYF3AQX2OYOZ"',
silly get cb     date: 'Tue, 17 Jan 2012 02:57:02 GMT',
silly get cb     'content-type': 'application/json',
silly get cb     'content-length': '6269' } ]
verbose mkdir (expected) error ENOENT, no such file or directory '/root/.npm/watch'
verbose mkdir done: /root/.npm/watch 755
silly name, range, hasData 2 [ 'watch', '>=0.5.0- <0.6.0-', true ]
silly versions [ 'watch',
silly versions   [ '0.1.0',
silly versions     '0.2.0',
silly versions     '0.2.1',
silly versions     '0.3.0',
silly versions     '0.3.1',
silly versions     '0.3.2',
silly versions     '0.3.3',
silly versions     '0.4.0',
silly versions     '0.5.0' ] ]
verbose bin dist [ null,
verbose bin dist   { shasum: '1eb1399b3420960127431efa646b718da146d37f',
verbose bin dist     tarball: 'http://registry.npmjs.org/watch/-/watch-0.5.0.tgz' } ]
verbose addRemoteTarball [ 'https://registry.npmjs.org/watch/-/watch-0.5.0.tgz',
verbose addRemoteTarball   '1eb1399b3420960127431efa646b718da146d37f' ]
verbose mkdir (expected) error ENOENT, no such file or directory '/tmp/npm-1326769021066/1326769022161-0.09544019121676683'
verbose mkdir done: /tmp/npm-1326769021066/1326769022161-0.09544019121676683 755
verbose fetch to /tmp/npm-1326769021066/1326769022161-0.09544019121676683/tmp.tgz
http GET https://registry.npmjs.org/watch/-/watch-0.5.0.tgz
http 200 https://registry.npmjs.org/utile
silly get cb [ 200,
silly get cb   { vary: 'Accept',
silly get cb     server: 'CouchDB/1.1.0 (Erlang OTP/R14B04)',
silly get cb     etag: '"BXJ2WRHWTWLHUS02VXCU7W83O"',
silly get cb     date: 'Tue, 17 Jan 2012 02:57:02 GMT',
silly get cb     'content-type': 'application/json',
silly get cb     'content-length': '9726' } ]
verbose mkdir (expected) error ENOENT, no such file or directory '/root/.npm/utile'
verbose mkdir done: /root/.npm/utile 755
silly name, range, hasData 2 [ 'utile', '>=0.0.0- <0.1.0-', true ]
silly versions [ 'utile',
silly versions   [ '0.0.1',
silly versions     '0.0.2',
silly versions     '0.0.3',
silly versions     '0.0.4',
silly versions     '0.0.5',
silly versions     '0.0.6',
silly versions     '0.0.8',
silly versions     '0.0.9',
silly versions     '0.0.10' ] ]
verbose bin dist [ null,
verbose bin dist   { shasum: 'a45345b6e90d679c48c8d215ab724e3ee3dafc18',
verbose bin dist     tarball: 'http://registry.npmjs.org/utile/-/utile-0.0.10.tgz' } ]
verbose addRemoteTarball [ 'https://registry.npmjs.org/utile/-/utile-0.0.10.tgz',
verbose addRemoteTarball   'a45345b6e90d679c48c8d215ab724e3ee3dafc18' ]
verbose mkdir (expected) error ENOENT, no such file or directory '/tmp/npm-1326769021066/1326769022197-0.1979535378050059'
verbose mkdir done: /tmp/npm-1326769021066/1326769022197-0.1979535378050059 755
verbose fetch to /tmp/npm-1326769021066/1326769022197-0.1979535378050059/tmp.tgz
http GET https://registry.npmjs.org/utile/-/utile-0.0.10.tgz
http 200 https://registry.npmjs.org/winston
silly get cb [ 200,
silly get cb   { vary: 'Accept',
silly get cb     server: 'CouchDB/1.1.0 (Erlang OTP/R14B04)',
silly get cb     etag: '"AFTIH63W93C2IBQ9VJJZXQJ9F"',
silly get cb     date: 'Tue, 17 Jan 2012 02:57:02 GMT',
silly get cb     'content-type': 'application/json',
silly get cb     'content-length': '19032' } ]
verbose mkdir (expected) error ENOENT, no such file or directory '/root/.npm/winston'
verbose mkdir done: /root/.npm/winston 755
silly name, range, hasData 2 [ 'winston', '>=0.5.0- <0.6.0-', true ]
silly versions [ 'winston',
silly versions   [ '0.2.11',
silly versions     '0.3.3',
silly versions     '0.3.4',
silly versions     '0.3.5',
silly versions     '0.4.0',
silly versions     '0.4.1',
silly versions     '0.5.0',
silly versions     '0.5.1',
silly versions     '0.5.2',
silly versions     '0.5.3',
silly versions     '0.5.4',
silly versions     '0.5.5',
silly versions     '0.5.6',
silly versions     '0.5.7',
silly versions     '0.5.8',
silly versions     '0.5.9' ] ]
verbose bin dist [ null,
verbose bin dist   { shasum: '3160f86b2298781599ef061bac742752e7cc3c3a',
verbose bin dist     tarball: 'http://registry.npmjs.org/winston/-/winston-0.5.9.tgz' } ]
verbose addRemoteTarball [ 'https://registry.npmjs.org/winston/-/winston-0.5.9.tgz',
verbose addRemoteTarball   '3160f86b2298781599ef061bac742752e7cc3c3a' ]
verbose mkdir (expected) error ENOENT, no such file or directory '/tmp/npm-1326769021066/1326769022437-0.30226773815229535'
verbose mkdir done: /tmp/npm-1326769021066/1326769022437-0.30226773815229535 755
verbose fetch to /tmp/npm-1326769021066/1326769022437-0.30226773815229535/tmp.tgz
http GET https://registry.npmjs.org/winston/-/winston-0.5.9.tgz
http 304 https://registry.npmjs.org/node-fork
silly get cb [ 304,
silly get cb   { server: 'CouchDB/1.1.0 (Erlang OTP/R14B04)',
silly get cb     etag: '"9QV7W7RHPJCTAZ6UCAKEDXF23"',
silly get cb     date: 'Tue, 17 Jan 2012 02:57:02 GMT',
silly get cb     'content-length': '0' } ]
verbose etag node-fork from cache
silly name, range, hasData 2 [ 'node-fork', '>=0.4.0- <0.5.0-', true ]
silly versions [ 'node-fork', [] ]
verbose about to build /usr/local/lib/node_modules/forever
ERR! error installing forever@0.8.4
info unbuild /usr/local/lib/node_modules/forever
verbose from cache /usr/local/lib/node_modules/forever/package.json
info preuninstall forever@0.8.4
info uninstall forever@0.8.4
verbose unbuild forever@0.8.4 [ true,
verbose unbuild forever@0.8.4   '/usr/local/lib/node_modules',
verbose unbuild forever@0.8.4   '/usr/local/lib/node_modules' ]
verbose binRoot [ '/usr/local/bin',
verbose binRoot   { forever: './bin/forever', foreverd: './bin/foreverd' } ]
info postuninstall forever@0.8.4
verbose installOne cb forever@0.8.4
ERR! Error: No compatible version found: node-fork@'>=0.4.0- <0.5.0-'
ERR! No valid targets found.
ERR! Perhaps not compatible with your version of node?
ERR!     at installTargetsError (/usr/local/lib/node_modules/npm/lib/cache.js:488:10)
ERR!     at next_ (/usr/local/lib/node_modules/npm/lib/cache.js:438:17)
ERR!     at next (/usr/local/lib/node_modules/npm/lib/cache.js:415:44)
ERR!     at /usr/local/lib/node_modules/npm/lib/cache.js:408:5
ERR!     at Object.saved [as oncomplete] (/usr/local/lib/node_modules/npm/lib/utils/npm-registry-client/get.js:147:7)
ERR! You may report this log at:
ERR!     <http://github.com/isaacs/npm/issues>
ERR! or email it to:
ERR!     <npm-@googlegroups.com>
ERR! 
ERR! System Linux 2.6.38.8-2-vs2.3.0.37-rc17-blkio
ERR! command "node" "/usr/local/bin/npm" "install" "-g" "forever"
ERR! cwd /home/freaky003/stout/Stout/app
ERR! node -v v0.7.0-pre
ERR! npm -v 1.1.0-2
ERR! message No compatible version found: node-fork@'>=0.4.0- <0.5.0-'
ERR! message No valid targets found.
ERR! message Perhaps not compatible with your version of node?
verbose exit [ 1, true ]
